c:\users\ise\source\repos\apihooking\x64\debug\apihooking.lib
c:\users\ise\source\repos\apihooking\x64\debug\apihooking.exp
c:\users\ise\source\repos\apihooking\apihooking\x64\debug\apihooking.pch
c:\users\ise\source\repos\apihooking\apihooking\x64\debug\vc141.pdb
c:\users\ise\source\repos\apihooking\apihooking\x64\debug\vc141.idb
c:\users\ise\source\repos\apihooking\apihooking\x64\debug\pch.obj
c:\users\ise\source\repos\apihooking\apihooking\x64\debug\logger.obj
c:\users\ise\source\repos\apihooking\apihooking\x64\debug\dllmain.obj
c:\users\ise\source\repos\apihooking\x64\debug\apihooking.dll
c:\users\ise\source\repos\apihooking\x64\debug\apihooking.ilk
c:\users\ise\source\repos\apihooking\x64\debug\apihooking.pdb
z:\manalysys\excercise2\apihooking\x64\debug\dllmain.obj
z:\manalysys\excercise2\apihooking\x64\debug\logger.obj
z:\manalysys\excercise2\apihooking\x64\debug\pch.obj
z:\manalysys\excercise2\apihooking\x64\debug\apihooking.pch
z:\manalysys\excercise2\apihooking\x64\debug\vc141.idb
z:\manalysys\excercise2\apihooking\x64\debug\vc141.pdb
z:\manalysys\excercise2\apihooking\x64\debug\apihooking.tlog\apihooking.write.1u.tlog
z:\manalysys\excercise2\apihooking\x64\debug\apihooking.tlog\cl.command.1.tlog
z:\manalysys\excercise2\apihooking\x64\debug\apihooking.tlog\cl.read.1.tlog
z:\manalysys\excercise2\apihooking\x64\debug\apihooking.tlog\cl.write.1.tlog
z:\manalysys\excercise2\apihooking\x64\debug\apihooking.tlog\link.command.1.tlog
z:\manalysys\excercise2\apihooking\x64\debug\apihooking.tlog\link.read.1.tlog
z:\manalysys\excercise2\apihooking\x64\debug\apihooking.tlog\link.write.1.tlog
